app/build/intermediates/manifest_merge_blame_file/debug/manifest-merger-blame-debug-report.txt
1<?xml version="1.0" encoding="utf-8"?>
2<manifest xmlns:android="http://schemas.android.com/apk/res/android"
3    package="com.example.ebayquicksale"
4    android:versionCode="1"
5    android:versionName="1.0" >
6
7    <uses-sdk
8        android:minSdkVersion="24"
9        android:targetSdkVersion="34" />
10
11    <uses-feature
11-->src\main\AndroidManifest.xml:5:5-7:36
12        android:name="android.hardware.camera"
12-->src\main\AndroidManifest.xml:6:9-47
13        android:required="false" />
13-->src\main\AndroidManifest.xml:7:9-33
14
15    <uses-permission android:name="android.permission.INTERNET" />
15-->src\main\AndroidManifest.xml:8:5-67
15-->src\main\AndroidManifest.xml:8:22-64
16    <uses-permission android:name="android.permission.CAMERA" />
16-->src\main\AndroidManifest.xml:9:5-65
16-->src\main\AndroidManifest.xml:9:22-62
17
18    <queries>
18-->[net.openid:appauth:0.11.1] AndroidManifest.xml:24:5-32:15
19        <intent>
19-->[net.openid:appauth:0.11.1] AndroidManifest.xml:25:9-31:18
20            <action android:name="android.intent.action.VIEW" />
20-->[net.openid:appauth:0.11.1] AndroidManifest.xml:26:13-65
20-->[net.openid:appauth:0.11.1] AndroidManifest.xml:26:21-62
21
22            <category android:name="android.intent.category.BROWSABLE" />
22-->[net.openid:appauth:0.11.1] AndroidManifest.xml:28:13-74
22-->[net.openid:appauth:0.11.1] AndroidManifest.xml:28:23-71
23
24            <data android:scheme="https" />
24-->[net.openid:appauth:0.11.1] AndroidManifest.xml:30:13-44
24-->[net.openid:appauth:0.11.1] AndroidManifest.xml:30:19-41
25        </intent>
26    </queries>
27
28    <permission
28-->[androidx.core:core:1.12.0] AndroidManifest.xml:22:5-24:47
29        android:name="com.example.ebayquicksale.DYNAMIC_RECEIVER_NOT_EXPORTED_PERMISSION"
29-->[androidx.core:core:1.12.0] AndroidManifest.xml:23:9-81
30        android:protectionLevel="signature" />
30-->[androidx.core:core:1.12.0] AndroidManifest.xml:24:9-44
31
32    <uses-permission android:name="com.example.ebayquicksale.DYNAMIC_RECEIVER_NOT_EXPORTED_PERMISSION" />
32-->[androidx.core:core:1.12.0] AndroidManifest.xml:26:5-97
32-->[androidx.core:core:1.12.0] AndroidManifest.xml:26:22-94
33
34    <application
34-->src\main\AndroidManifest.xml:11:5-39:19
35        android:allowBackup="true"
35-->src\main\AndroidManifest.xml:12:9-35
36        android:appComponentFactory="androidx.core.app.CoreComponentFactory"
36-->[androidx.core:core:1.12.0] AndroidManifest.xml:28:18-86
37        android:dataExtractionRules="@xml/data_extraction_rules"
37-->src\main\AndroidManifest.xml:13:9-65
38        android:debuggable="true"
39        android:extractNativeLibs="false"
40        android:fullBackupContent="@xml/backup_rules"
40-->src\main\AndroidManifest.xml:14:9-54
41        android:icon="@mipmap/ic_launcher"
41-->src\main\AndroidManifest.xml:15:9-43
42        android:label="@string/app_name"
42-->src\main\AndroidManifest.xml:16:9-41
43        android:roundIcon="@mipmap/ic_launcher_round"
43-->src\main\AndroidManifest.xml:17:9-54
44        android:supportsRtl="true"
44-->src\main\AndroidManifest.xml:18:9-35
45        android:testOnly="true"
46        android:theme="@style/Theme.AppCompat.Light.DarkActionBar" >
46-->src\main\AndroidManifest.xml:19:9-67
47        <activity
47-->src\main\AndroidManifest.xml:21:9-28:20
48            android:name="com.example.ebayquicksale.MainActivity"
48-->src\main\AndroidManifest.xml:22:13-41
49            android:exported="true" >
49-->src\main\AndroidManifest.xml:23:13-36
50            <intent-filter>
50-->src\main\AndroidManifest.xml:24:13-27:29
51                <action android:name="android.intent.action.MAIN" />
51-->src\main\AndroidManifest.xml:25:17-69
51-->src\main\AndroidManifest.xml:25:25-66
52
53                <category android:name="android.intent.category.LAUNCHER" />
53-->src\main\AndroidManifest.xml:26:17-77
53-->src\main\AndroidManifest.xml:26:27-74
54            </intent-filter>
55        </activity>
56
57        <provider
57-->src\main\AndroidManifest.xml:30:9-38:20
58            android:name="androidx.core.content.FileProvider"
58-->src\main\AndroidManifest.xml:31:13-62
59            android:authorities="com.example.ebayquicksale.fileprovider"
59-->src\main\AndroidManifest.xml:32:13-73
60            android:exported="false"
60-->src\main\AndroidManifest.xml:33:13-37
61            android:grantUriPermissions="true" >
61-->src\main\AndroidManifest.xml:34:13-47
62            <meta-data
62-->src\main\AndroidManifest.xml:35:13-37:58
63                android:name="android.support.FILE_PROVIDER_PATHS"
63-->src\main\AndroidManifest.xml:36:17-67
64                android:resource="@xml/provider_paths" />
64-->src\main\AndroidManifest.xml:37:17-55
65        </provider>
66
67        <activity
67-->[net.openid:appauth:0.11.1] AndroidManifest.xml:35:9-40:77
68            android:name="net.openid.appauth.AuthorizationManagementActivity"
68-->[net.openid:appauth:0.11.1] AndroidManifest.xml:36:13-78
69            android:configChanges="screenSize|smallestScreenSize|screenLayout|orientation|keyboard|keyboardHidden"
69-->[net.openid:appauth:0.11.1] AndroidManifest.xml:37:13-115
70            android:exported="false"
70-->[net.openid:appauth:0.11.1] AndroidManifest.xml:38:13-37
71            android:launchMode="singleTask"
71-->[net.openid:appauth:0.11.1] AndroidManifest.xml:39:13-44
72            android:theme="@style/Theme.AppCompat.Translucent.NoTitleBar" />
72-->[net.openid:appauth:0.11.1] AndroidManifest.xml:40:13-74
73        <activity
73-->[net.openid:appauth:0.11.1] AndroidManifest.xml:41:9-52:20
74            android:name="net.openid.appauth.RedirectUriReceiverActivity"
74-->[net.openid:appauth:0.11.1] AndroidManifest.xml:42:13-74
75            android:exported="true" >
75-->[net.openid:appauth:0.11.1] AndroidManifest.xml:43:13-36
76            <intent-filter>
76-->[net.openid:appauth:0.11.1] AndroidManifest.xml:44:13-51:29
77                <action android:name="android.intent.action.VIEW" />
77-->[net.openid:appauth:0.11.1] AndroidManifest.xml:26:13-65
77-->[net.openid:appauth:0.11.1] AndroidManifest.xml:26:21-62
78
79                <category android:name="android.intent.category.DEFAULT" />
79-->[net.openid:appauth:0.11.1] AndroidManifest.xml:47:17-76
79-->[net.openid:appauth:0.11.1] AndroidManifest.xml:47:27-73
80                <category android:name="android.intent.category.BROWSABLE" />
80-->[net.openid:appauth:0.11.1] AndroidManifest.xml:28:13-74
80-->[net.openid:appauth:0.11.1] AndroidManifest.xml:28:23-71
81
82                <data android:scheme="quiksale" />
82-->[net.openid:appauth:0.11.1] AndroidManifest.xml:30:13-44
82-->[net.openid:appauth:0.11.1] AndroidManifest.xml:30:19-41
83            </intent-filter>
84        </activity>
85        <activity
85-->[androidx.compose.ui:ui-test-manifest:1.6.2] AndroidManifest.xml:23:9-25:39
86            android:name="androidx.activity.ComponentActivity"
86-->[androidx.compose.ui:ui-test-manifest:1.6.2] AndroidManifest.xml:24:13-63
87            android:exported="true" />
87-->[androidx.compose.ui:ui-test-manifest:1.6.2] AndroidManifest.xml:25:13-36
88        <activity
88-->[androidx.compose.ui:ui-tooling-android:1.6.2] AndroidManifest.xml:23:9-25:39
89            android:name="androidx.compose.ui.tooling.PreviewActivity"
89-->[androidx.compose.ui:ui-tooling-android:1.6.2] AndroidManifest.xml:24:13-71
90            android:exported="true" />
90-->[androidx.compose.ui:ui-tooling-android:1.6.2] AndroidManifest.xml:25:13-36
91
92        <provider
92-->[androidx.emoji2:emoji2:1.3.0] AndroidManifest.xml:24:9-32:20
93            android:name="androidx.startup.InitializationProvider"
93-->[androidx.emoji2:emoji2:1.3.0] AndroidManifest.xml:25:13-67
94            android:authorities="com.example.ebayquicksale.androidx-startup"
94-->[androidx.emoji2:emoji2:1.3.0] AndroidManifest.xml:26:13-68
95            android:exported="false" >
95-->[androidx.emoji2:emoji2:1.3.0] AndroidManifest.xml:27:13-37
96            <meta-data
96-->[androidx.emoji2:emoji2:1.3.0] AndroidManifest.xml:29:13-31:52
97                android:name="androidx.emoji2.text.EmojiCompatInitializer"
97-->[androidx.emoji2:emoji2:1.3.0] AndroidManifest.xml:30:17-75
98                android:value="androidx.startup" />
98-->[androidx.emoji2:emoji2:1.3.0] AndroidManifest.xml:31:17-49
99            <meta-data
99-->[androidx.lifecycle:lifecycle-process:2.7.0] AndroidManifest.xml:29:13-31:52
100                android:name="androidx.lifecycle.ProcessLifecycleInitializer"
100-->[androidx.lifecycle:lifecycle-process:2.7.0] AndroidManifest.xml:30:17-78
101                android:value="androidx.startup" />
101-->[androidx.lifecycle:lifecycle-process:2.7.0] AndroidManifest.xml:31:17-49
102            <meta-data
102-->[androidx.profileinstaller:profileinstaller:1.3.0] AndroidManifest.xml:29:13-31:52
103                android:name="androidx.profileinstaller.ProfileInstallerInitializer"
103-->[androidx.profileinstaller:profileinstaller:1.3.0] AndroidManifest.xml:30:17-85
104                android:value="androidx.startup" />
104-->[androidx.profileinstaller:profileinstaller:1.3.0] AndroidManifest.xml:31:17-49
105        </provider>
106
107        <receiver
107-->[androidx.profileinstaller:profileinstaller:1.3.0] AndroidManifest.xml:34:9-52:20
108            android:name="androidx.profileinstaller.ProfileInstallReceiver"
108-->[androidx.profileinstaller:profileinstaller:1.3.0] AndroidManifest.xml:35:13-76
109            android:directBootAware="false"
109-->[androidx.profileinstaller:profileinstaller:1.3.0] AndroidManifest.xml:36:13-44
110            android:enabled="true"
110-->[androidx.profileinstaller:profileinstaller:1.3.0] AndroidManifest.xml:37:13-35
111            android:exported="true"
111-->[androidx.profileinstaller:profileinstaller:1.3.0] AndroidManifest.xml:38:13-36
112            android:permission="android.permission.DUMP" >
112-->[androidx.profileinstaller:profileinstaller:1.3.0] AndroidManifest.xml:39:13-57
113            <intent-filter>
113-->[androidx.profileinstaller:profileinstaller:1.3.0] AndroidManifest.xml:40:13-42:29
114                <action android:name="androidx.profileinstaller.action.INSTALL_PROFILE" />
114-->[androidx.profileinstaller:profileinstaller:1.3.0] AndroidManifest.xml:41:17-91
114-->[androidx.profileinstaller:profileinstaller:1.3.0] AndroidManifest.xml:41:25-88
115            </intent-filter>
116            <intent-filter>
116-->[androidx.profileinstaller:profileinstaller:1.3.0] AndroidManifest.xml:43:13-45:29
117                <action android:name="androidx.profileinstaller.action.SKIP_FILE" />
117-->[androidx.profileinstaller:profileinstaller:1.3.0] AndroidManifest.xml:44:17-85
117-->[androidx.profileinstaller:profileinstaller:1.3.0] AndroidManifest.xml:44:25-82
118            </intent-filter>
119            <intent-filter>
119-->[androidx.profileinstaller:profileinstaller:1.3.0] AndroidManifest.xml:46:13-48:29
120                <action android:name="androidx.profileinstaller.action.SAVE_PROFILE" />
120-->[androidx.profileinstaller:profileinstaller:1.3.0] AndroidManifest.xml:47:17-88
120-->[androidx.profileinstaller:profileinstaller:1.3.0] AndroidManifest.xml:47:25-85
121            </intent-filter>
122            <intent-filter>
122-->[androidx.profileinstaller:profileinstaller:1.3.0] AndroidManifest.xml:49:13-51:29
123                <action android:name="androidx.profileinstaller.action.BENCHMARK_OPERATION" />
123-->[androidx.profileinstaller:profileinstaller:1.3.0] AndroidManifest.xml:50:17-95
123-->[androidx.profileinstaller:profileinstaller:1.3.0] AndroidManifest.xml:50:25-92
124            </intent-filter>
125        </receiver>
126    </application>
127
128</manifest>